<?xml version="1.0" encoding="UTF-8" ?>
<testsuite tests="1" failures="0" name="vip.readm.common.jpromise.PromiseTest" time="0.065" errors="0" skipped="0">
  <properties>
    <property name="java.runtime.name" value="Java(TM) SE Runtime Environment"/>
    <property name="sun.boot.library.path" value="D:\develop\environment\jdk\jdk8\jre\bin"/>
    <property name="java.vm.version" value="25.221-b11"/>
    <property name="java.vm.vendor" value="Oracle Corporation"/>
    <property name="maven.multiModuleProjectDirectory" value="D:\develop\code\Jpromise"/>
    <property name="java.vendor.url" value="http://java.oracle.com/"/>
    <property name="path.separator" value=";"/>
    <property name="guice.disable.misplaced.annotation.check" value="true"/>
    <property name="java.vm.name" value="Java HotSpot(TM) 64-Bit Server VM"/>
    <property name="file.encoding.pkg" value="sun.io"/>
    <property name="user.script" value=""/>
    <property name="user.country" value="CN"/>
    <property name="sun.java.launcher" value="SUN_STANDARD"/>
    <property name="sun.os.patch.level" value=""/>
    <property name="java.vm.specification.name" value="Java Virtual Machine Specification"/>
    <property name="user.dir" value="D:\develop\code\Jpromise"/>
    <property name="java.runtime.version" value="1.8.0_221-b11"/>
    <property name="java.awt.graphicsenv" value="sun.awt.Win32GraphicsEnvironment"/>
    <property name="java.endorsed.dirs" value="D:\develop\environment\jdk\jdk8\jre\lib\endorsed"/>
    <property name="os.arch" value="amd64"/>
    <property name="java.io.tmpdir" value="C:\Users\READM~1.DES\AppData\Local\Temp\"/>
    <property name="line.separator" value="
"/>
    <property name="java.vm.specification.vendor" value="Oracle Corporation"/>
    <property name="user.variant" value=""/>
    <property name="os.name" value="Windows 10"/>
    <property name="maven.ext.class.path" value="D:\develop\ide\idea\plugins\maven\lib\maven-event-listener.jar"/>
    <property name="classworlds.conf" value="D:\develop\environment\maven\bin\m2.conf"/>
    <property name="sun.jnu.encoding" value="GBK"/>
    <property name="java.library.path" value="D:\develop\environment\jdk\jdk8\bin;C:\WINDOWS\Sun\Java\bin;C:\WINDOWS\system32;C:\WINDOWS;D:\develop\environment\py35\Scripts\;D:\develop\environment\py35\;C:\Program Files\Microsoft MPI\Bin\;D:\develop\environment\scala\bin;C:\Program Files (x86)\Common Files\Oracle\Java\javapath;C:\WINDOWS\system32;C:\WINDOWS;C:\WINDOWS\System32\Wbem;C:\WINDOWS\System32\WindowsPowerShell\v1.0\;C:\WINDOWS\System32\OpenSSH\;D:\develop\environment\Git\cmd;&quot;D:\develop\environment\jdk\jdk8\bin;D:\develop\environment\jdk\jdk8\jre\bin&quot;;D:\develop\environment\maven\bin;C:\Program Files\Intel\WiFi\bin\;C:\Program Files\Common Files\Intel\WirelessCommon\;C:\Program Files (x86)\NVIDIA Corporation\PhysX\Common;D:\develop\environment\gradle_5_6\bin;C:\Program Files\dotnet\;C:\Program Files\Microsoft SQL Server\130\Tools\Binn\;D:\develop\environment\nginx_1_17_3;D:\develop\environment\mysql8\bin;D:\develop\ide\Anaconda3;D:\develop\ide\Anaconda3\Scripts;D:\develop\ide\Anaconda3\Library\bin;C:\Program Files\NVIDIA Corporation\NVIDIA NvDLISR;D:\develop\environment\scala_sbt\bin;D:\develop\environment\scala_sbt\bin;D:\develop\environment\node10\;D:\develop\ide\Microsoft VS Code\bin;％CATALINA_HOME％\bin\;D:\develop\environment\mongodb\bin;E:\dev\tesseract;D:\develop\environment\phantomjs-2.1.1\bin;C:\Users\Readm.DESKTOP-C4ANS33\AppData\Local\Microsoft\WindowsApps;;D:\develop\tools\fiddler;C:\Program Files\Intel\WiFi\bin\;C:\Program Files\Common Files\Intel\WirelessCommon\;C:\Users\Readm.DESKTOP-C4ANS33\AppData\Roaming\npm;D:\develop\ide\Microsoft VS Code\bin;."/>
    <property name="maven.conf" value="D:\develop\environment\maven/conf"/>
    <property name="java.specification.name" value="Java Platform API Specification"/>
    <property name="java.class.version" value="52.0"/>
    <property name="sun.management.compiler" value="HotSpot 64-Bit Tiered Compilers"/>
    <property name="os.version" value="10.0"/>
    <property name="user.home" value="C:\Users\Readm.DESKTOP-C4ANS33"/>
    <property name="user.timezone" value="Asia/Shanghai"/>
    <property name="java.awt.printerjob" value="sun.awt.windows.WPrinterJob"/>
    <property name="java.specification.version" value="1.8"/>
    <property name="file.encoding" value="UTF-8"/>
    <property name="user.name" value="Readm"/>
    <property name="java.class.path" value="D:\develop\environment\maven\boot\plexus-classworlds-2.5.2.jar;D:\develop\ide\idea\lib\idea_rt.jar"/>
    <property name="idea.version2019.2.1" value="true"/>
    <property name="java.vm.specification.version" value="1.8"/>
    <property name="sun.arch.data.model" value="64"/>
    <property name="java.home" value="D:\develop\environment\jdk\jdk8\jre"/>
    <property name="sun.java.command" value="org.codehaus.classworlds.Launcher -Didea.version2019.2.1 -s D:\develop\environment\maven\conf\settings.xml install"/>
    <property name="java.specification.vendor" value="Oracle Corporation"/>
    <property name="user.language" value="zh"/>
    <property name="awt.toolkit" value="sun.awt.windows.WToolkit"/>
    <property name="java.vm.info" value="mixed mode"/>
    <property name="java.version" value="1.8.0_221"/>
    <property name="java.ext.dirs" value="D:\develop\environment\jdk\jdk8\jre\lib\ext;C:\WINDOWS\Sun\Java\lib\ext"/>
    <property name="sun.boot.class.path" value="D:\develop\environment\jdk\jdk8\jre\lib\resources.jar;D:\develop\environment\jdk\jdk8\jre\lib\rt.jar;D:\develop\environment\jdk\jdk8\jre\lib\sunrsasign.jar;D:\develop\environment\jdk\jdk8\jre\lib\jsse.jar;D:\develop\environment\jdk\jdk8\jre\lib\jce.jar;D:\develop\environment\jdk\jdk8\jre\lib\charsets.jar;D:\develop\environment\jdk\jdk8\jre\lib\jfr.jar;D:\develop\environment\jdk\jdk8\jre\classes"/>
    <property name="java.vendor" value="Oracle Corporation"/>
    <property name="maven.home" value="D:\develop\environment\maven"/>
    <property name="file.separator" value="\"/>
    <property name="java.vendor.url.bug" value="http://bugreport.sun.com/bugreport/"/>
    <property name="sun.cpu.endian" value="little"/>
    <property name="sun.io.unicode.encoding" value="UnicodeLittle"/>
    <property name="sun.desktop" value="windows"/>
    <property name="sun.cpu.isalist" value="amd64"/>
  </properties>
  <testcase classname="vip.readm.common.jpromise.PromiseTest" name="test" time="0.065"/>
</testsuite>